This is pdfTeX, Version 3.141592653-2.6-1.40.24 (TeX Live 2022/Debian) (preloaded format=pdflatex 2023.8.23)  27 AUG 2023 12:11
entering extended mode
 restricted \write18 enabled.
 file:line:error style messages enabled.
 %&-line parsing enabled.
**"/home/frost/Documents/College/PHYS 5630/assignments/n_sphere/plots/first_class_project.tex"
(/home/frost/Documents/College/PHYS 5630/assignments/n_sphere/plots/first_class_project.tex
LaTeX2e <2022-11-01> patch level 1
L3 programming layer <2023-01-16> (/usr/share/texlive/texmf-dist/tex/latex/base/article.cls
Document Class: article 2022/07/02 v1.4n Standard LaTeX document class
(/usr/share/texlive/texmf-dist/tex/latex/base/size10.clo
File: size10.clo 2022/07/02 v1.4n Standard LaTeX file (size option)
)
\c@part=\count185
\c@section=\count186
\c@subsection=\count187
\c@subsubsection=\count188
\c@paragraph=\count189
\c@subparagraph=\count190
\c@figure=\count191
\c@table=\count192
\abovecaptionskip=\skip48
\belowcaptionskip=\skip49
\bibindent=\dimen140
) (/usr/share/texlive/texmf-dist/tex/latex/amsmath/amsmath.sty
Package: amsmath 2022/04/08 v2.17n AMS math features
\@mathmargin=\skip50

For additional information on amsmath, use the `?' option.
(/usr/share/texlive/texmf-dist/tex/latex/amsmath/amstext.sty
Package: amstext 2021/08/26 v2.01 AMS text
 (/usr/share/texlive/texmf-dist/tex/latex/amsmath/amsgen.sty
File: amsgen.sty 1999/11/30 v2.0 generic functions
\@emptytoks=\toks16
\ex@=\dimen141
)) (/usr/share/texlive/texmf-dist/tex/latex/amsmath/amsbsy.sty
Package: amsbsy 1999/11/29 v1.2d Bold Symbols
\pmbraise@=\dimen142
) (/usr/share/texlive/texmf-dist/tex/latex/amsmath/amsopn.sty
Package: amsopn 2022/04/08 v2.04 operator names
)
\inf@bad=\count193
LaTeX Info: Redefining \frac on input line 234.
\uproot@=\count194
\leftroot@=\count195
LaTeX Info: Redefining \overline on input line 399.
LaTeX Info: Redefining \colon on input line 410.
\classnum@=\count196
\DOTSCASE@=\count197
LaTeX Info: Redefining \ldots on input line 496.
LaTeX Info: Redefining \dots on input line 499.
LaTeX Info: Redefining \cdots on input line 620.
\Mathstrutbox@=\box51
\strutbox@=\box52
LaTeX Info: Redefining \big on input line 722.
LaTeX Info: Redefining \Big on input line 723.
LaTeX Info: Redefining \bigg on input line 724.
LaTeX Info: Redefining \Bigg on input line 725.
\big@size=\dimen143
LaTeX Font Info:    Redeclaring font encoding OML on input line 743.
LaTeX Font Info:    Redeclaring font encoding OMS on input line 744.
\macc@depth=\count198
LaTeX Info: Redefining \bmod on input line 905.
LaTeX Info: Redefining \pmod on input line 910.
LaTeX Info: Redefining \smash on input line 940.
LaTeX Info: Redefining \relbar on input line 970.
LaTeX Info: Redefining \Relbar on input line 971.
\c@MaxMatrixCols=\count199
\dotsspace@=\muskip16
\c@parentequation=\count266
\dspbrk@lvl=\count267
\tag@help=\toks17
\row@=\count268
\column@=\count269
\maxfields@=\count270
\andhelp@=\toks18
\eqnshift@=\dimen144
\alignsep@=\dimen145
\tagshift@=\dimen146
\tagwidth@=\dimen147
\totwidth@=\dimen148
\lineht@=\dimen149
\@envbody=\toks19
\multlinegap=\skip51
\multlinetaggap=\skip52
\mathdisplay@stack=\toks20
LaTeX Info: Redefining \[ on input line 2953.
LaTeX Info: Redefining \] on input line 2954.
) (/usr/share/texlive/texmf-dist/tex/latex/amsfonts/amssymb.sty
Package: amssymb 2013/01/14 v3.01 AMS font symbols
 (/usr/share/texlive/texmf-dist/tex/latex/amsfonts/amsfonts.sty
Package: amsfonts 2013/01/14 v3.01 Basic AMSFonts support
\symAMSa=\mathgroup4
\symAMSb=\mathgroup5
LaTeX Font Info:    Redeclaring math symbol \hbar on input line 98.
LaTeX Font Info:    Overwriting math alphabet `\mathfrak' in version `bold'
(Font)                  U/euf/m/n --> U/euf/b/n on input line 106.
)) (/usr/share/texlive/texmf-dist/tex/latex/tools/bm.sty
Package: bm 2022/01/05 v1.2f Bold Symbol Support (DPC/FMi)
\symboldoperators=\mathgroup6
\symboldletters=\mathgroup7
\symboldsymbols=\mathgroup8
Package bm Info: No bold for \OMX/cmex/m/n, using \pmb.
Package bm Info: No bold for \U/msa/m/n, using \pmb.
Package bm Info: No bold for \U/msb/m/n, using \pmb.
LaTeX Font Info:    Redeclaring math alphabet \mathbf on input line 149.
) (/usr/share/texlive/texmf-dist/tex/latex/mathtools/mathtools.sty
Package: mathtools 2022/06/29 v1.29 mathematical typesetting tools
 (/usr/share/texlive/texmf-dist/tex/latex/graphics/keyval.sty
Package: keyval 2022/05/29 v1.15 key=value parser (DPC)
\KV@toks@=\toks21
) (/usr/share/texlive/texmf-dist/tex/latex/tools/calc.sty
Package: calc 2017/05/25 v4.3 Infix arithmetic (KKT,FJ)
\calc@Acount=\count271
\calc@Bcount=\count272
\calc@Adimen=\dimen150
\calc@Bdimen=\dimen151
\calc@Askip=\skip53
\calc@Bskip=\skip54
LaTeX Info: Redefining \setlength on input line 80.
LaTeX Info: Redefining \addtolength on input line 81.
\calc@Ccount=\count273
\calc@Cskip=\skip55
) (/usr/share/texlive/texmf-dist/tex/latex/mathtools/mhsetup.sty
Package: mhsetup 2021/03/18 v1.4 programming setup (MH)
)
\g_MT_multlinerow_int=\count274
\l_MT_multwidth_dim=\dimen152
\origjot=\skip56
\l_MT_shortvdotswithinadjustabove_dim=\dimen153
\l_MT_shortvdotswithinadjustbelow_dim=\dimen154
\l_MT_above_intertext_sep=\dimen155
\l_MT_below_intertext_sep=\dimen156
\l_MT_above_shortintertext_sep=\dimen157
\l_MT_below_shortintertext_sep=\dimen158
\xmathstrut@box=\box53
\xmathstrut@dim=\dimen159
) (/usr/share/texlive/texmf-dist/tex/latex/graphics/graphics.sty
Package: graphics 2022/03/10 v1.4e Standard LaTeX Graphics (DPC,SPQR)
 (/usr/share/texlive/texmf-dist/tex/latex/graphics/trig.sty
Package: trig 2021/08/11 v1.11 sin cos tan (DPC)
) (/usr/share/texlive/texmf-dist/tex/latex/graphics-cfg/graphics.cfg
File: graphics.cfg 2016/06/04 v1.11 sample graphics configuration
)
Package graphics Info: Driver file: pdftex.def on input line 107.
 (/usr/share/texlive/texmf-dist/tex/latex/graphics-def/pdftex.def
File: pdftex.def 2022/09/22 v1.2b Graphics/color driver for pdftex
)) (/usr/share/texlive/texmf-dist/tex/latex/geometry/geometry.sty
Package: geometry 2020/01/02 v5.9 Page Geometry
 (/usr/share/texlive/texmf-dist/tex/generic/iftex/ifvtex.sty
Package: ifvtex 2019/10/25 v1.7 ifvtex legacy package. Use iftex instead.
 (/usr/share/texlive/texmf-dist/tex/generic/iftex/iftex.sty
Package: iftex 2022/02/03 v1.0f TeX engine tests
))
\Gm@cnth=\count275
\Gm@cntv=\count276
\c@Gm@tempcnt=\count277
\Gm@bindingoffset=\dimen160
\Gm@wd@mp=\dimen161
\Gm@odd@mp=\dimen162
\Gm@even@mp=\dimen163
\Gm@layoutwidth=\dimen164
\Gm@layoutheight=\dimen165
\Gm@layouthoffset=\dimen166
\Gm@layoutvoffset=\dimen167
\Gm@dimlist=\toks22
) (/usr/share/texlive/texmf-dist/tex/latex/base/inputenc.sty
Package: inputenc 2021/02/14 v1.3d Input encoding file
\inpenc@prehook=\toks23
\inpenc@posthook=\toks24
) (/usr/share/texlive/texmf-dist/tex/latex/l3backend/l3backend-pdftex.def
File: l3backend-pdftex.def 2023-01-16 L3 backend support: PDF output (pdfTeX)
\l__color_backend_stack_int=\count278
\l__pdf_internal_box=\box54
) (./first_class_project.aux)
\openout1 = `first_class_project.aux'.

LaTeX Font Info:    Checking defaults for OML/cmm/m/it on input line 8.
LaTeX Font Info:    ... okay on input line 8.
LaTeX Font Info:    Checking defaults for OMS/cmsy/m/n on input line 8.
LaTeX Font Info:    ... okay on input line 8.
LaTeX Font Info:    Checking defaults for OT1/cmr/m/n on input line 8.
LaTeX Font Info:    ... okay on input line 8.
LaTeX Font Info:    Checking defaults for T1/cmr/m/n on input line 8.
LaTeX Font Info:    ... okay on input line 8.
LaTeX Font Info:    Checking defaults for TS1/cmr/m/n on input line 8.
LaTeX Font Info:    ... okay on input line 8.
LaTeX Font Info:    Checking defaults for OMX/cmex/m/n on input line 8.
LaTeX Font Info:    ... okay on input line 8.
LaTeX Font Info:    Checking defaults for U/cmr/m/n on input line 8.
LaTeX Font Info:    ... okay on input line 8.
 (/usr/share/texlive/texmf-dist/tex/latex/graphics/graphicx.sty
Package: graphicx 2021/09/16 v1.2d Enhanced LaTeX Graphics (DPC,SPQR)
\Gin@req@height=\dimen168
\Gin@req@width=\dimen169
) (/usr/share/texlive/texmf-dist/tex/context/base/mkii/supp-pdf.mkii
[Loading MPS to PDF converter (version 2006.09.02).]
\scratchcounter=\count279
\scratchdimen=\dimen170
\scratchbox=\box55
\nofMPsegments=\count280
\nofMParguments=\count281
\everyMPshowfont=\toks25
\MPscratchCnt=\count282
\MPscratchDim=\dimen171
\MPnumerator=\count283
\makeMPintoPDFobject=\count284
\everyMPtoPDFconversion=\toks26
) (/usr/share/texlive/texmf-dist/tex/latex/epstopdf-pkg/epstopdf-base.sty
Package: epstopdf-base 2020-01-24 v2.11 Base part for package epstopdf
Package epstopdf-base Info: Redefining graphics rule for `.eps' on input line 485.
 (/usr/share/texlive/texmf-dist/tex/latex/latexconfig/epstopdf-sys.cfg
File: epstopdf-sys.cfg 2010/07/13 v1.3 Configuration of (r)epstopdf for TeX Live
))
*geometry* driver: auto-detecting
*geometry* detected driver: pdftex
*geometry* verbose mode - [ preamble ] result:
* driver: pdftex
* paper: <default>
* layout: <same size as paper>
* layoutoffset:(h,v)=(0.0pt,0.0pt)
* modes: 
* h-part:(L,W,R)=(90.3375pt, 433.62001pt, 90.3375pt)
* v-part:(T,H,B)=(72.26999pt, 650.43001pt, 72.26999pt)
* \paperwidth=614.295pt
* \paperheight=794.96999pt
* \textwidth=433.62001pt
* \textheight=650.43001pt
* \oddsidemargin=18.0675pt
* \evensidemargin=18.0675pt
* \topmargin=-37.0pt
* \headheight=12.0pt
* \headsep=25.0pt
* \topskip=10.0pt
* \footskip=30.0pt
* \marginparwidth=65.0pt
* \marginparsep=11.0pt
* \columnsep=10.0pt
* \skip\footins=9.0pt plus 4.0pt minus 2.0pt
* \hoffset=0.0pt
* \voffset=0.0pt
* \mag=1000
* \@twocolumnfalse
* \@twosidefalse
* \@mparswitchfalse
* \@reversemarginfalse
* (1in=72.27pt=25.4mm, 1cm=28.453pt)

LaTeX Font Info:    Trying to load font information for U+msa on input line 19.
(/usr/share/texlive/texmf-dist/tex/latex/amsfonts/umsa.fd
File: umsa.fd 2013/01/14 v3.01 AMS symbols A
)
LaTeX Font Info:    Trying to load font information for U+msb on input line 19.
 (/usr/share/texlive/texmf-dist/tex/latex/amsfonts/umsb.fd
File: umsb.fd 2013/01/14 v3.01 AMS symbols B
)
<volumes.png, id=1, 722.7pt x 505.89pt>
File: volumes.png Graphic file (type png)
<use volumes.png>
Package pdftex.def Info: volumes.png  used on input line 23.
(pdftex.def)             Requested size: 426.79732pt x 341.43785pt.
<volumes_radii.png, id=3, 722.7pt x 505.89pt>
File: volumes_radii.png Graphic file (type png)
<use volumes_radii.png>
Package pdftex.def Info: volumes_radii.png  used on input line 29.
(pdftex.def)             Requested size: 426.79732pt x 341.43785pt.
<volumes_dimensions.png, id=4, 722.7pt x 505.89pt>
File: volumes_dimensions.png Graphic file (type png)
<use volumes_dimensions.png>
Package pdftex.def Info: volumes_dimensions.png  used on input line 29.
(pdftex.def)             Requested size: 426.79732pt x 341.43785pt.
File: volumes_radii.png Graphic file (type png)
<use volumes_radii.png>
Package pdftex.def Info: volumes_radii.png  used on input line 29.
(pdftex.def)             Requested size: 426.79732pt x 341.43785pt.
File: volumes_dimensions.png Graphic file (type png)
<use volumes_dimensions.png>
Package pdftex.def Info: volumes_dimensions.png  used on input line 29.
(pdftex.def)             Requested size: 426.79732pt x 341.43785pt.
 [1

{/var/lib/texmf/fonts/map/pdftex/updmap/pdftex.map} <./volumes.png>]
Overfull \vbox (59.64577pt too high) has occurred while \output is active []

 [2 <./volumes_radii.png> <./volumes_dimensions.png>]
<volumes_dim0_r.png, id=17, 722.7pt x 505.89pt>
File: volumes_dim0_r.png Graphic file (type png)
<use volumes_dim0_r.png>
Package pdftex.def Info: volumes_dim0_r.png  used on input line 34.
(pdftex.def)             Requested size: 426.79732pt x 341.43785pt.
<volumes_dim1_r.png, id=18, 722.7pt x 505.89pt>
File: volumes_dim1_r.png Graphic file (type png)
<use volumes_dim1_r.png>
Package pdftex.def Info: volumes_dim1_r.png  used on input line 34.
(pdftex.def)             Requested size: 426.79732pt x 341.43785pt.
File: volumes_dim0_r.png Graphic file (type png)
<use volumes_dim0_r.png>
Package pdftex.def Info: volumes_dim0_r.png  used on input line 34.
(pdftex.def)             Requested size: 426.79732pt x 341.43785pt.
File: volumes_dim1_r.png Graphic file (type png)
<use volumes_dim1_r.png>
Package pdftex.def Info: volumes_dim1_r.png  used on input line 34.
(pdftex.def)             Requested size: 426.79732pt x 341.43785pt.

Overfull \vbox (59.64577pt too high) has occurred while \output is active []

 [3 <./volumes_dim0_r.png> <./volumes_dim1_r.png>]
<volumes_dim2_r.png, id=24, 722.7pt x 505.89pt>
File: volumes_dim2_r.png Graphic file (type png)
<use volumes_dim2_r.png>
Package pdftex.def Info: volumes_dim2_r.png  used on input line 39.
(pdftex.def)             Requested size: 426.79732pt x 284.53154pt.
<volumes_dim5_r.png, id=25, 722.7pt x 505.89pt>
File: volumes_dim5_r.png Graphic file (type png)
<use volumes_dim5_r.png>
Package pdftex.def Info: volumes_dim5_r.png  used on input line 39.
(pdftex.def)             Requested size: 426.79732pt x 284.53154pt.
File: volumes_dim2_r.png Graphic file (type png)
<use volumes_dim2_r.png>
Package pdftex.def Info: volumes_dim2_r.png  used on input line 39.
(pdftex.def)             Requested size: 426.79732pt x 284.53154pt.
File: volumes_dim5_r.png Graphic file (type png)
<use volumes_dim5_r.png>
Package pdftex.def Info: volumes_dim5_r.png  used on input line 39.
(pdftex.def)             Requested size: 426.79732pt x 284.53154pt.
<volumes_dim23_r.png, id=26, 722.7pt x 505.89pt>
File: volumes_dim23_r.png Graphic file (type png)
<use volumes_dim23_r.png>
Package pdftex.def Info: volumes_dim23_r.png  used on input line 44.
(pdftex.def)             Requested size: 426.79732pt x 284.53154pt.
<volumes_dim50_r.png, id=27, 722.7pt x 505.89pt>
File: volumes_dim50_r.png Graphic file (type png)
<use volumes_dim50_r.png>
Package pdftex.def Info: volumes_dim50_r.png  used on input line 44.
(pdftex.def)             Requested size: 426.79732pt x 284.53154pt.
File: volumes_dim23_r.png Graphic file (type png)
<use volumes_dim23_r.png>
Package pdftex.def Info: volumes_dim23_r.png  used on input line 44.
(pdftex.def)             Requested size: 426.79732pt x 284.53154pt.
File: volumes_dim50_r.png Graphic file (type png)
<use volumes_dim50_r.png>
Package pdftex.def Info: volumes_dim50_r.png  used on input line 44.
(pdftex.def)             Requested size: 426.79732pt x 284.53154pt.
 [4 <./volumes_dim2_r.png> <./volumes_dim5_r.png>]
<volumes_dims_r1_0.png, id=33, 722.7pt x 505.89pt>
File: volumes_dims_r1_0.png Graphic file (type png)
<use volumes_dims_r1_0.png>
Package pdftex.def Info: volumes_dims_r1_0.png  used on input line 49.
(pdftex.def)             Requested size: 426.79732pt x 284.53154pt.
<volumes_dims_r1_5.png, id=34, 722.7pt x 505.89pt>
File: volumes_dims_r1_5.png Graphic file (type png)
<use volumes_dims_r1_5.png>
Package pdftex.def Info: volumes_dims_r1_5.png  used on input line 49.
(pdftex.def)             Requested size: 426.79732pt x 284.53154pt.
File: volumes_dims_r1_0.png Graphic file (type png)
<use volumes_dims_r1_0.png>
Package pdftex.def Info: volumes_dims_r1_0.png  used on input line 49.
(pdftex.def)             Requested size: 426.79732pt x 284.53154pt.
File: volumes_dims_r1_5.png Graphic file (type png)
<use volumes_dims_r1_5.png>
Package pdftex.def Info: volumes_dims_r1_5.png  used on input line 49.
(pdftex.def)             Requested size: 426.79732pt x 284.53154pt.
 [5 <./volumes_dim23_r.png> <./volumes_dim50_r.png>]
<volumes_dims_r2_0.png, id=40, 722.7pt x 505.89pt>
File: volumes_dims_r2_0.png Graphic file (type png)
<use volumes_dims_r2_0.png>
Package pdftex.def Info: volumes_dims_r2_0.png  used on input line 52.
(pdftex.def)             Requested size: 426.79732pt x 284.53154pt.
 [6 <./volumes_dims_r1_0.png> <./volumes_dims_r1_5.png>] [7 <./volumes_dims_r2_0.png>] (./first_class_project.aux) ) 
Here is how much of TeX's memory you used:
 3966 strings out of 478051
 62388 string characters out of 5840943
 1851330 words of memory out of 5000000
 24060 multiletter control sequences out of 15000+600000
 516743 words of font info for 49 fonts, out of 8000000 for 9000
 14 hyphenation exceptions out of 8191
 57i,11n,62p,360b,255s stack positions out of 10000i,1000n,20000p,200000b,200000s
</usr/share/texlive/texmf-dist/fonts/type1/public/amsfonts/cm/cmr10.pfb>
Output written on first_class_project.pdf (7 pages, 520808 bytes).
PDF statistics:
 58 PDF objects out of 1000 (max. 8388607)
 22 compressed objects within 1 object stream
 0 named destinations out of 1000 (max. 500000)
 61 words of extra memory for PDF output out of 10000 (max. 10000000)

